2016-10-12 23:48:27,516 DEBUG Networking.Communicator - Starting Communicator.... 
2016-10-12 23:48:27,532 DEBUG Networking.Communicator - Monitoring.... 
2016-10-12 23:48:27,532 DEBUG Networking.Communicator - Successfully sent message to simulator. 
2016-10-12 23:48:33,235 DEBUG Panels.DisplayPanelDecorator - Updating panel. 
2016-10-12 23:48:33,251 DEBUG Panels.DisplayPanelDecorator - Successfully updated panel. 
2016-10-12 23:48:33,251 DEBUG Panels.DisplayPanelDecorator - Updating panel. 
2016-10-12 23:48:33,251 DEBUG Panels.DisplayPanelDecorator - Successfully updated panel. 
2016-10-12 23:48:33,266 DEBUG Panels.DisplayPanelDecorator - Updating panel. 
2016-10-12 23:48:33,282 DEBUG Panels.DisplayPanelDecorator - Successfully updated panel. 
2016-10-12 23:48:33,282 DEBUG Panels.DisplayPanelDecorator - Updating panel. 
2016-10-12 23:48:33,298 DEBUG Panels.DisplayPanelDecorator - Successfully updated panel. 
2016-11-04 12:54:57,266 DEBUG Networking.Communicator - Starting Communicator.... 
2016-11-04 12:54:57,304 DEBUG Networking.Communicator - Monitoring.... 
2016-11-04 12:54:57,335 DEBUG Networking.Communicator - Successfully sent message to simulator. 
2016-11-04 12:55:15,424 DEBUG Panels.DisplayPanelDecorator - Updating panel. 
2016-11-04 12:55:15,445 DEBUG Panels.DisplayPanelDecorator - Successfully updated panel. 
2016-11-04 12:55:15,445 DEBUG Stocks.Subject - Successfully subscribed observer. 
2016-11-04 12:55:15,521 DEBUG Networking.Communicator - Successfully sent message to simulator. 
2016-11-04 12:55:15,521 DEBUG Networking.Communicator - Starting Communicator.... 
2016-11-04 12:55:15,521 DEBUG Networking.Communicator - Monitoring.... 
2016-11-04 12:55:15,521 DEBUG Networking.Communicator - Successfully sent message to simulator. 
2016-11-04 12:55:15,905 DEBUG Networking.Communicator - Received message from simulator. 
2016-11-04 12:55:15,905 DEBUG Stocks.StockPortfolio - Updating StockPortfolio... 
2016-11-04 12:55:15,921 DEBUG Stocks.Subject - NotifyingObservers.... 
2016-11-04 12:55:15,921 DEBUG Panels.DisplayPanelDecorator - Updating observer.... 
2016-11-04 12:55:15,921 DEBUG Panels.DisplayPanelDecorator - Successfully updated observer. 
2016-11-04 12:55:15,921 DEBUG Stocks.Subject - Successfully notified Observer. 
2016-11-04 12:55:15,921 DEBUG Stocks.StockPortfolio - Successfully updated StockPortfolio. 
2016-11-04 12:55:16,736 DEBUG Networking.Communicator - Received message from simulator. 
2016-11-04 12:55:16,736 DEBUG Stocks.StockPortfolio - Updating StockPortfolio... 
2016-11-04 12:55:16,751 DEBUG Stocks.Subject - NotifyingObservers.... 
2016-11-04 12:55:16,751 DEBUG Panels.DisplayPanelDecorator - Updating observer.... 
2016-11-04 12:55:16,751 DEBUG Panels.DisplayPanelDecorator - Successfully updated observer. 
2016-11-04 12:55:16,751 DEBUG Stocks.Subject - Successfully notified Observer. 
2016-11-04 12:55:16,751 DEBUG Stocks.StockPortfolio - Successfully updated StockPortfolio. 
2016-11-04 12:55:17,848 DEBUG Networking.Communicator - Received message from simulator. 
2016-11-04 12:55:17,848 DEBUG Stocks.StockPortfolio - Updating StockPortfolio... 
2016-11-04 12:55:17,848 DEBUG Stocks.Subject - NotifyingObservers.... 
2016-11-04 12:55:17,848 DEBUG Panels.DisplayPanelDecorator - Updating observer.... 
2016-11-04 12:55:17,848 DEBUG Panels.DisplayPanelDecorator - Successfully updated observer. 
2016-11-04 12:55:17,848 DEBUG Stocks.Subject - Successfully notified Observer. 
2016-11-04 12:55:17,848 DEBUG Stocks.StockPortfolio - Successfully updated StockPortfolio. 
2016-11-04 12:55:18,514 DEBUG Panels.DisplayPanelDecorator - Updating panel. 
2016-11-04 12:55:18,514 DEBUG Panels.DisplayPanelDecorator - Successfully updated panel. 
2016-11-04 12:55:18,780 DEBUG Networking.Communicator - Received message from simulator. 
2016-11-04 12:55:18,780 DEBUG Stocks.StockPortfolio - Updating StockPortfolio... 
2016-11-04 12:55:18,780 DEBUG Stocks.Subject - NotifyingObservers.... 
2016-11-04 12:55:18,780 DEBUG Panels.DisplayPanelDecorator - Updating observer.... 
2016-11-04 12:55:18,780 DEBUG Panels.DisplayPanelDecorator - Successfully updated observer. 
2016-11-04 12:55:18,780 DEBUG Stocks.Subject - Successfully notified Observer. 
2016-11-04 12:55:18,780 DEBUG Stocks.StockPortfolio - Successfully updated StockPortfolio. 
2016-11-04 12:55:19,815 DEBUG Networking.Communicator - Received message from simulator. 
2016-11-04 12:55:19,815 DEBUG Stocks.StockPortfolio - Updating StockPortfolio... 
2016-11-04 12:55:19,815 DEBUG Stocks.Subject - NotifyingObservers.... 
2016-11-04 12:55:19,815 DEBUG Panels.DisplayPanelDecorator - Updating observer.... 
2016-11-04 12:55:19,815 DEBUG Panels.DisplayPanelDecorator - Successfully updated observer. 
2016-11-04 12:55:19,815 DEBUG Stocks.Subject - Successfully notified Observer. 
2016-11-04 12:55:19,815 DEBUG Stocks.StockPortfolio - Successfully updated StockPortfolio. 
2016-11-04 12:55:20,813 DEBUG Networking.Communicator - Received message from simulator. 
2016-11-04 12:55:20,813 DEBUG Stocks.StockPortfolio - Updating StockPortfolio... 
2016-11-04 12:55:20,813 DEBUG Stocks.Subject - NotifyingObservers.... 
2016-11-04 12:55:20,813 DEBUG Panels.DisplayPanelDecorator - Updating observer.... 
2016-11-04 12:55:20,813 DEBUG Panels.DisplayPanelDecorator - Successfully updated observer. 
2016-11-04 12:55:20,813 DEBUG Stocks.Subject - Successfully notified Observer. 
2016-11-04 12:55:20,813 DEBUG Stocks.StockPortfolio - Successfully updated StockPortfolio. 
2016-11-04 12:55:21,514 DEBUG Panels.DisplayPanelDecorator - Updating panel. 
2016-11-04 12:55:21,514 DEBUG Panels.DisplayPanelDecorator - Successfully updated panel. 
2016-11-04 12:55:21,846 DEBUG Networking.Communicator - Received message from simulator. 
2016-11-04 12:55:21,846 DEBUG Stocks.StockPortfolio - Updating StockPortfolio... 
2016-11-04 12:55:21,846 DEBUG Stocks.Subject - NotifyingObservers.... 
2016-11-04 12:55:21,846 DEBUG Panels.DisplayPanelDecorator - Updating observer.... 
2016-11-04 12:55:21,846 DEBUG Panels.DisplayPanelDecorator - Successfully updated observer. 
2016-11-04 12:55:21,846 DEBUG Stocks.Subject - Successfully notified Observer. 
2016-11-04 12:55:21,846 DEBUG Stocks.StockPortfolio - Successfully updated StockPortfolio. 
2016-11-04 12:55:22,881 DEBUG Networking.Communicator - Received message from simulator. 
2016-11-04 12:55:22,881 DEBUG Stocks.StockPortfolio - Updating StockPortfolio... 
2016-11-04 12:55:22,881 DEBUG Stocks.Subject - NotifyingObservers.... 
2016-11-04 12:55:22,881 DEBUG Panels.DisplayPanelDecorator - Updating observer.... 
2016-11-04 12:55:22,881 DEBUG Panels.DisplayPanelDecorator - Successfully updated observer. 
2016-11-04 12:55:22,881 DEBUG Stocks.Subject - Successfully notified Observer. 
2016-11-04 12:55:22,881 DEBUG Stocks.StockPortfolio - Successfully updated StockPortfolio. 
2016-11-04 12:55:23,894 DEBUG Networking.Communicator - Received message from simulator. 
2016-11-04 12:55:23,894 DEBUG Stocks.StockPortfolio - Updating StockPortfolio... 
2016-11-04 12:55:23,894 DEBUG Stocks.Subject - NotifyingObservers.... 
2016-11-04 12:55:23,894 DEBUG Panels.DisplayPanelDecorator - Updating observer.... 
2016-11-04 12:55:23,894 DEBUG Panels.DisplayPanelDecorator - Successfully updated observer. 
2016-11-04 12:55:23,894 DEBUG Stocks.Subject - Successfully notified Observer. 
2016-11-04 12:55:23,894 DEBUG Stocks.StockPortfolio - Successfully updated StockPortfolio. 
2016-11-04 12:55:24,516 DEBUG Panels.DisplayPanelDecorator - Updating panel. 
2016-11-04 12:55:24,516 DEBUG Panels.DisplayPanelDecorator - Successfully updated panel. 
2016-11-04 12:55:24,924 DEBUG Networking.Communicator - Received message from simulator. 
2016-11-04 12:55:24,924 DEBUG Stocks.StockPortfolio - Updating StockPortfolio... 
2016-11-04 12:55:24,924 DEBUG Stocks.Subject - NotifyingObservers.... 
2016-11-04 12:55:24,924 DEBUG Panels.DisplayPanelDecorator - Updating observer.... 
2016-11-04 12:55:24,924 DEBUG Panels.DisplayPanelDecorator - Successfully updated observer. 
2016-11-04 12:55:24,924 DEBUG Stocks.Subject - Successfully notified Observer. 
2016-11-04 12:55:24,924 DEBUG Stocks.StockPortfolio - Successfully updated StockPortfolio. 
2016-11-04 12:55:25,961 DEBUG Networking.Communicator - Received message from simulator. 
2016-11-04 12:55:25,961 DEBUG Stocks.StockPortfolio - Updating StockPortfolio... 
2016-11-04 12:55:25,961 DEBUG Stocks.Subject - NotifyingObservers.... 
2016-11-04 12:55:25,961 DEBUG Panels.DisplayPanelDecorator - Updating observer.... 
2016-11-04 12:55:25,961 DEBUG Panels.DisplayPanelDecorator - Successfully updated observer. 
2016-11-04 12:55:25,961 DEBUG Stocks.Subject - Successfully notified Observer. 
2016-11-04 12:55:25,961 DEBUG Stocks.StockPortfolio - Successfully updated StockPortfolio. 
2016-11-04 12:55:26,960 DEBUG Networking.Communicator - Received message from simulator. 
2016-11-04 12:55:26,960 DEBUG Stocks.StockPortfolio - Updating StockPortfolio... 
2016-11-04 12:55:26,960 DEBUG Stocks.Subject - NotifyingObservers.... 
2016-11-04 12:55:26,960 DEBUG Panels.DisplayPanelDecorator - Updating observer.... 
2016-11-04 12:55:26,960 DEBUG Panels.DisplayPanelDecorator - Successfully updated observer. 
2016-11-04 12:55:26,960 DEBUG Stocks.Subject - Successfully notified Observer. 
2016-11-04 12:55:26,960 DEBUG Stocks.StockPortfolio - Successfully updated StockPortfolio. 
2016-11-04 12:55:27,521 DEBUG Panels.DisplayPanelDecorator - Updating panel. 
2016-11-04 12:55:27,521 DEBUG Panels.DisplayPanelDecorator - Successfully updated panel. 
2016-11-04 12:55:27,907 DEBUG Networking.Communicator - Received message from simulator. 
2016-11-04 12:55:27,907 DEBUG Stocks.StockPortfolio - Updating StockPortfolio... 
2016-11-04 12:55:27,907 DEBUG Stocks.Subject - NotifyingObservers.... 
2016-11-04 12:55:27,907 DEBUG Panels.DisplayPanelDecorator - Updating observer.... 
2016-11-04 12:55:27,923 DEBUG Panels.DisplayPanelDecorator - Successfully updated observer. 
2016-11-04 12:55:27,923 DEBUG Stocks.Subject - Successfully notified Observer. 
2016-11-04 12:55:27,923 DEBUG Stocks.StockPortfolio - Successfully updated StockPortfolio. 
2016-11-04 12:55:28,937 DEBUG Networking.Communicator - Received message from simulator. 
2016-11-04 12:55:28,937 DEBUG Stocks.StockPortfolio - Updating StockPortfolio... 
2016-11-04 12:55:28,937 DEBUG Stocks.Subject - NotifyingObservers.... 
2016-11-04 12:55:28,937 DEBUG Panels.DisplayPanelDecorator - Updating observer.... 
2016-11-04 12:55:28,937 DEBUG Panels.DisplayPanelDecorator - Successfully updated observer. 
2016-11-04 12:55:28,937 DEBUG Stocks.Subject - Successfully notified Observer. 
2016-11-04 12:55:28,937 DEBUG Stocks.StockPortfolio - Successfully updated StockPortfolio. 
2016-11-04 12:55:29,954 DEBUG Networking.Communicator - Received message from simulator. 
2016-11-04 12:55:29,954 DEBUG Stocks.StockPortfolio - Updating StockPortfolio... 
2016-11-04 12:55:29,954 DEBUG Stocks.Subject - NotifyingObservers.... 
2016-11-04 12:55:29,954 DEBUG Panels.DisplayPanelDecorator - Updating observer.... 
2016-11-04 12:55:29,954 DEBUG Panels.DisplayPanelDecorator - Successfully updated observer. 
2016-11-04 12:55:29,954 DEBUG Stocks.Subject - Successfully notified Observer. 
2016-11-04 12:55:29,954 DEBUG Stocks.StockPortfolio - Successfully updated StockPortfolio. 
2016-11-04 12:55:30,520 DEBUG Panels.DisplayPanelDecorator - Updating panel. 
2016-11-04 12:55:30,520 DEBUG Panels.DisplayPanelDecorator - Successfully updated panel. 
2016-11-04 12:55:30,977 DEBUG Networking.Communicator - Received message from simulator. 
2016-11-04 12:55:30,977 DEBUG Stocks.StockPortfolio - Updating StockPortfolio... 
2016-11-04 12:55:30,977 DEBUG Stocks.Subject - NotifyingObservers.... 
2016-11-04 12:55:30,977 DEBUG Panels.DisplayPanelDecorator - Updating observer.... 
2016-11-04 12:55:30,977 DEBUG Panels.DisplayPanelDecorator - Successfully updated observer. 
2016-11-04 12:55:30,985 DEBUG Stocks.Subject - Successfully notified Observer. 
2016-11-04 12:55:30,985 DEBUG Stocks.StockPortfolio - Successfully updated StockPortfolio. 
2016-11-04 12:55:31,984 DEBUG Networking.Communicator - Received message from simulator. 
2016-11-04 12:55:31,984 DEBUG Stocks.StockPortfolio - Updating StockPortfolio... 
2016-11-04 12:55:31,984 DEBUG Stocks.Subject - NotifyingObservers.... 
2016-11-04 12:55:31,984 DEBUG Panels.DisplayPanelDecorator - Updating observer.... 
2016-11-04 12:55:31,984 DEBUG Panels.DisplayPanelDecorator - Successfully updated observer. 
2016-11-04 12:55:31,984 DEBUG Stocks.Subject - Successfully notified Observer. 
2016-11-04 12:55:31,984 DEBUG Stocks.StockPortfolio - Successfully updated StockPortfolio. 
2016-11-04 12:55:33,053 DEBUG Networking.Communicator - Received message from simulator. 
2016-11-04 12:55:33,053 DEBUG Stocks.StockPortfolio - Updating StockPortfolio... 
2016-11-04 12:55:33,053 DEBUG Stocks.Subject - NotifyingObservers.... 
2016-11-04 12:55:33,053 DEBUG Panels.DisplayPanelDecorator - Updating observer.... 
2016-11-04 12:55:33,053 DEBUG Panels.DisplayPanelDecorator - Successfully updated observer. 
2016-11-04 12:55:33,053 DEBUG Stocks.Subject - Successfully notified Observer. 
2016-11-04 12:55:33,053 DEBUG Stocks.StockPortfolio - Successfully updated StockPortfolio. 
2016-11-04 12:55:33,519 DEBUG Panels.DisplayPanelDecorator - Updating panel. 
2016-11-04 12:55:33,519 DEBUG Panels.DisplayPanelDecorator - Successfully updated panel. 
2016-11-04 12:55:34,032 DEBUG Networking.Communicator - Received message from simulator. 
2016-11-04 12:55:34,032 DEBUG Stocks.StockPortfolio - Updating StockPortfolio... 
2016-11-04 12:55:34,032 DEBUG Stocks.Subject - NotifyingObservers.... 
2016-11-04 12:55:34,032 DEBUG Panels.DisplayPanelDecorator - Updating observer.... 
2016-11-04 12:55:34,032 DEBUG Panels.DisplayPanelDecorator - Successfully updated observer. 
2016-11-04 12:55:34,032 DEBUG Stocks.Subject - Successfully notified Observer. 
2016-11-04 12:55:34,032 DEBUG Stocks.StockPortfolio - Successfully updated StockPortfolio. 
2016-11-04 12:55:35,071 DEBUG Networking.Communicator - Received message from simulator. 
2016-11-04 12:55:35,071 DEBUG Stocks.StockPortfolio - Updating StockPortfolio... 
2016-11-04 12:55:35,071 DEBUG Stocks.Subject - NotifyingObservers.... 
2016-11-04 12:55:35,071 DEBUG Panels.DisplayPanelDecorator - Updating observer.... 
2016-11-04 12:55:35,071 DEBUG Panels.DisplayPanelDecorator - Successfully updated observer. 
2016-11-04 12:55:35,071 DEBUG Stocks.Subject - Successfully notified Observer. 
2016-11-04 12:55:35,071 DEBUG Stocks.StockPortfolio - Successfully updated StockPortfolio. 
2016-11-04 12:55:36,048 DEBUG Networking.Communicator - Received message from simulator. 
2016-11-04 12:55:36,048 DEBUG Stocks.StockPortfolio - Updating StockPortfolio... 
2016-11-04 12:55:36,048 DEBUG Stocks.Subject - NotifyingObservers.... 
2016-11-04 12:55:36,048 DEBUG Panels.DisplayPanelDecorator - Updating observer.... 
2016-11-04 12:55:36,048 DEBUG Panels.DisplayPanelDecorator - Successfully updated observer. 
2016-11-04 12:55:36,048 DEBUG Stocks.Subject - Successfully notified Observer. 
2016-11-04 12:55:36,048 DEBUG Stocks.StockPortfolio - Successfully updated StockPortfolio. 
2016-11-04 12:55:36,513 DEBUG Panels.DisplayPanelDecorator - Updating panel. 
2016-11-04 12:55:36,513 DEBUG Panels.DisplayPanelDecorator - Successfully updated panel. 
2016-11-04 12:55:37,063 DEBUG Networking.Communicator - Received message from simulator. 
2016-11-04 12:55:37,063 DEBUG Stocks.StockPortfolio - Updating StockPortfolio... 
2016-11-04 12:55:37,063 DEBUG Stocks.Subject - NotifyingObservers.... 
2016-11-04 12:55:37,063 DEBUG Panels.DisplayPanelDecorator - Updating observer.... 
2016-11-04 12:55:37,071 DEBUG Panels.DisplayPanelDecorator - Successfully updated observer. 
2016-11-04 12:55:37,071 DEBUG Stocks.Subject - Successfully notified Observer. 
2016-11-04 12:55:37,071 DEBUG Stocks.StockPortfolio - Successfully updated StockPortfolio. 
2016-11-04 12:55:38,096 DEBUG Networking.Communicator - Received message from simulator. 
2016-11-04 12:55:38,096 DEBUG Stocks.StockPortfolio - Updating StockPortfolio... 
2016-11-04 12:55:38,096 DEBUG Stocks.Subject - NotifyingObservers.... 
2016-11-04 12:55:38,096 DEBUG Panels.DisplayPanelDecorator - Updating observer.... 
2016-11-04 12:55:38,096 DEBUG Panels.DisplayPanelDecorator - Successfully updated observer. 
2016-11-04 12:55:38,096 DEBUG Stocks.Subject - Successfully notified Observer. 
2016-11-04 12:55:38,096 DEBUG Stocks.StockPortfolio - Successfully updated StockPortfolio. 
2016-11-04 12:55:39,091 DEBUG Networking.Communicator - Received message from simulator. 
2016-11-04 12:55:39,091 DEBUG Stocks.StockPortfolio - Updating StockPortfolio... 
2016-11-04 12:55:39,091 DEBUG Stocks.Subject - NotifyingObservers.... 
2016-11-04 12:55:39,091 DEBUG Panels.DisplayPanelDecorator - Updating observer.... 
2016-11-04 12:55:39,091 DEBUG Panels.DisplayPanelDecorator - Successfully updated observer. 
2016-11-04 12:55:39,091 DEBUG Stocks.Subject - Successfully notified Observer. 
2016-11-04 12:55:39,091 DEBUG Stocks.StockPortfolio - Successfully updated StockPortfolio. 
2016-11-04 12:55:39,513 DEBUG Panels.DisplayPanelDecorator - Updating panel. 
2016-11-04 12:55:39,513 DEBUG Panels.DisplayPanelDecorator - Successfully updated panel. 
2016-11-04 12:55:40,169 DEBUG Networking.Communicator - Received message from simulator. 
2016-11-04 12:55:40,169 DEBUG Stocks.StockPortfolio - Updating StockPortfolio... 
2016-11-04 12:55:40,169 DEBUG Stocks.Subject - NotifyingObservers.... 
2016-11-04 12:55:40,169 DEBUG Panels.DisplayPanelDecorator - Updating observer.... 
2016-11-04 12:55:40,169 DEBUG Panels.DisplayPanelDecorator - Successfully updated observer. 
2016-11-04 12:55:40,169 DEBUG Stocks.Subject - Successfully notified Observer. 
2016-11-04 12:55:40,169 DEBUG Stocks.StockPortfolio - Successfully updated StockPortfolio. 
2016-11-04 12:55:41,128 DEBUG Networking.Communicator - Received message from simulator. 
2016-11-04 12:55:41,128 DEBUG Stocks.StockPortfolio - Updating StockPortfolio... 
2016-11-04 12:55:41,128 DEBUG Stocks.Subject - NotifyingObservers.... 
2016-11-04 12:55:41,128 DEBUG Panels.DisplayPanelDecorator - Updating observer.... 
2016-11-04 12:55:41,128 DEBUG Panels.DisplayPanelDecorator - Successfully updated observer. 
2016-11-04 12:55:41,128 DEBUG Stocks.Subject - Successfully notified Observer. 
2016-11-04 12:55:41,128 DEBUG Stocks.StockPortfolio - Successfully updated StockPortfolio. 
2016-11-04 12:55:42,159 DEBUG Networking.Communicator - Received message from simulator. 
2016-11-04 12:55:42,159 DEBUG Stocks.StockPortfolio - Updating StockPortfolio... 
2016-11-04 12:55:42,159 DEBUG Stocks.Subject - NotifyingObservers.... 
2016-11-04 12:55:42,159 DEBUG Panels.DisplayPanelDecorator - Updating observer.... 
2016-11-04 12:55:42,163 DEBUG Panels.DisplayPanelDecorator - Successfully updated observer. 
2016-11-04 12:55:42,163 DEBUG Stocks.Subject - Successfully notified Observer. 
2016-11-04 12:55:42,163 DEBUG Stocks.StockPortfolio - Successfully updated StockPortfolio. 
2016-11-04 12:55:42,507 DEBUG Panels.DisplayPanelDecorator - Updating panel. 
2016-11-04 12:55:42,507 DEBUG Panels.DisplayPanelDecorator - Successfully updated panel. 
2016-11-04 12:55:43,142 DEBUG Networking.Communicator - Received message from simulator. 
2016-11-04 12:55:43,142 DEBUG Stocks.StockPortfolio - Updating StockPortfolio... 
2016-11-04 12:55:43,142 DEBUG Stocks.Subject - NotifyingObservers.... 
2016-11-04 12:55:43,158 DEBUG Panels.DisplayPanelDecorator - Updating observer.... 
2016-11-04 12:55:43,158 DEBUG Panels.DisplayPanelDecorator - Successfully updated observer. 
2016-11-04 12:55:43,158 DEBUG Stocks.Subject - Successfully notified Observer. 
2016-11-04 12:55:43,158 DEBUG Stocks.StockPortfolio - Successfully updated StockPortfolio. 
2016-11-04 12:55:44,174 DEBUG Networking.Communicator - Received message from simulator. 
2016-11-04 12:55:44,174 DEBUG Stocks.StockPortfolio - Updating StockPortfolio... 
2016-11-04 12:55:44,174 DEBUG Stocks.Subject - NotifyingObservers.... 
2016-11-04 12:55:44,174 DEBUG Panels.DisplayPanelDecorator - Updating observer.... 
2016-11-04 12:55:44,174 DEBUG Panels.DisplayPanelDecorator - Successfully updated observer. 
2016-11-04 12:55:44,174 DEBUG Stocks.Subject - Successfully notified Observer. 
2016-11-04 12:55:44,174 DEBUG Stocks.StockPortfolio - Successfully updated StockPortfolio. 
2016-11-04 12:55:45,199 DEBUG Networking.Communicator - Received message from simulator. 
2016-11-04 12:55:45,199 DEBUG Stocks.StockPortfolio - Updating StockPortfolio... 
2016-11-04 12:55:45,199 DEBUG Stocks.Subject - NotifyingObservers.... 
2016-11-04 12:55:45,199 DEBUG Panels.DisplayPanelDecorator - Updating observer.... 
2016-11-04 12:55:45,199 DEBUG Panels.DisplayPanelDecorator - Successfully updated observer. 
2016-11-04 12:55:45,199 DEBUG Stocks.Subject - Successfully notified Observer. 
2016-11-04 12:55:45,199 DEBUG Stocks.StockPortfolio - Successfully updated StockPortfolio. 
2016-11-04 12:55:45,521 DEBUG Panels.DisplayPanelDecorator - Updating panel. 
2016-11-04 12:55:45,521 DEBUG Panels.DisplayPanelDecorator - Successfully updated panel. 
2016-11-04 12:55:46,222 DEBUG Networking.Communicator - Received message from simulator. 
2016-11-04 12:55:46,222 DEBUG Stocks.StockPortfolio - Updating StockPortfolio... 
2016-11-04 12:55:46,222 DEBUG Stocks.Subject - NotifyingObservers.... 
2016-11-04 12:55:46,222 DEBUG Panels.DisplayPanelDecorator - Updating observer.... 
2016-11-04 12:55:46,222 DEBUG Panels.DisplayPanelDecorator - Successfully updated observer. 
2016-11-04 12:55:46,222 DEBUG Stocks.Subject - Successfully notified Observer. 
2016-11-04 12:55:46,222 DEBUG Stocks.StockPortfolio - Successfully updated StockPortfolio. 
2016-11-04 12:55:47,220 DEBUG Networking.Communicator - Received message from simulator. 
2016-11-04 12:55:47,220 DEBUG Stocks.StockPortfolio - Updating StockPortfolio... 
2016-11-04 12:55:47,220 DEBUG Stocks.Subject - NotifyingObservers.... 
2016-11-04 12:55:47,220 DEBUG Panels.DisplayPanelDecorator - Updating observer.... 
2016-11-04 12:55:47,220 DEBUG Panels.DisplayPanelDecorator - Successfully updated observer. 
2016-11-04 12:55:47,220 DEBUG Stocks.Subject - Successfully notified Observer. 
2016-11-04 12:55:47,220 DEBUG Stocks.StockPortfolio - Successfully updated StockPortfolio. 
2016-11-04 12:55:48,235 DEBUG Networking.Communicator - Received message from simulator. 
2016-11-04 12:55:48,235 DEBUG Stocks.StockPortfolio - Updating StockPortfolio... 
2016-11-04 12:55:48,235 DEBUG Stocks.Subject - NotifyingObservers.... 
2016-11-04 12:55:48,235 DEBUG Panels.DisplayPanelDecorator - Updating observer.... 
2016-11-04 12:55:48,235 DEBUG Panels.DisplayPanelDecorator - Successfully updated observer. 
2016-11-04 12:55:48,235 DEBUG Stocks.Subject - Successfully notified Observer. 
2016-11-04 12:55:48,235 DEBUG Stocks.StockPortfolio - Successfully updated StockPortfolio. 
2016-11-04 12:55:48,523 DEBUG Panels.DisplayPanelDecorator - Updating panel. 
2016-11-04 12:55:48,523 DEBUG Panels.DisplayPanelDecorator - Successfully updated panel. 
2016-11-04 12:55:49,283 DEBUG Networking.Communicator - Received message from simulator. 
2016-11-04 12:55:49,283 DEBUG Stocks.StockPortfolio - Updating StockPortfolio... 
2016-11-04 12:55:49,283 DEBUG Stocks.Subject - NotifyingObservers.... 
2016-11-04 12:55:49,283 DEBUG Panels.DisplayPanelDecorator - Updating observer.... 
2016-11-04 12:55:49,283 DEBUG Panels.DisplayPanelDecorator - Successfully updated observer. 
2016-11-04 12:55:49,283 DEBUG Stocks.Subject - Successfully notified Observer. 
2016-11-04 12:55:49,283 DEBUG Stocks.StockPortfolio - Successfully updated StockPortfolio. 
2016-11-04 12:55:50,303 DEBUG Networking.Communicator - Received message from simulator. 
2016-11-04 12:55:50,303 DEBUG Stocks.StockPortfolio - Updating StockPortfolio... 
2016-11-04 12:55:50,303 DEBUG Stocks.Subject - NotifyingObservers.... 
2016-11-04 12:55:50,303 DEBUG Panels.DisplayPanelDecorator - Updating observer.... 
2016-11-04 12:55:50,303 DEBUG Panels.DisplayPanelDecorator - Successfully updated observer. 
2016-11-04 12:55:50,303 DEBUG Stocks.Subject - Successfully notified Observer. 
2016-11-04 12:55:50,303 DEBUG Stocks.StockPortfolio - Successfully updated StockPortfolio. 
2016-11-04 12:55:51,320 DEBUG Networking.Communicator - Received message from simulator. 
2016-11-04 12:55:51,320 DEBUG Stocks.StockPortfolio - Updating StockPortfolio... 
2016-11-04 12:55:51,320 DEBUG Stocks.Subject - NotifyingObservers.... 
2016-11-04 12:55:51,320 DEBUG Panels.DisplayPanelDecorator - Updating observer.... 
2016-11-04 12:55:51,320 DEBUG Panels.DisplayPanelDecorator - Successfully updated observer. 
2016-11-04 12:55:51,320 DEBUG Stocks.Subject - Successfully notified Observer. 
2016-11-04 12:55:51,320 DEBUG Stocks.StockPortfolio - Successfully updated StockPortfolio. 
2016-11-04 12:55:51,529 DEBUG Panels.DisplayPanelDecorator - Updating panel. 
2016-11-04 12:55:51,529 DEBUG Panels.DisplayPanelDecorator - Successfully updated panel. 
2016-11-04 12:55:52,297 DEBUG Networking.Communicator - Received message from simulator. 
2016-11-04 12:55:52,297 DEBUG Stocks.StockPortfolio - Updating StockPortfolio... 
2016-11-04 12:55:52,297 DEBUG Stocks.Subject - NotifyingObservers.... 
2016-11-04 12:55:52,297 DEBUG Panels.DisplayPanelDecorator - Updating observer.... 
2016-11-04 12:55:52,297 DEBUG Panels.DisplayPanelDecorator - Successfully updated observer. 
2016-11-04 12:55:52,297 DEBUG Stocks.Subject - Successfully notified Observer. 
2016-11-04 12:55:52,297 DEBUG Stocks.StockPortfolio - Successfully updated StockPortfolio. 
2016-11-04 12:55:53,299 DEBUG Networking.Communicator - Received message from simulator. 
2016-11-04 12:55:53,299 DEBUG Stocks.StockPortfolio - Updating StockPortfolio... 
2016-11-04 12:55:53,299 DEBUG Stocks.Subject - NotifyingObservers.... 
2016-11-04 12:55:53,299 DEBUG Panels.DisplayPanelDecorator - Updating observer.... 
2016-11-04 12:55:53,299 DEBUG Panels.DisplayPanelDecorator - Successfully updated observer. 
2016-11-04 12:55:53,299 DEBUG Stocks.Subject - Successfully notified Observer. 
2016-11-04 12:55:53,299 DEBUG Stocks.StockPortfolio - Successfully updated StockPortfolio. 
2016-11-04 12:55:54,330 DEBUG Networking.Communicator - Received message from simulator. 
2016-11-04 12:55:54,330 DEBUG Stocks.StockPortfolio - Updating StockPortfolio... 
2016-11-04 12:55:54,330 DEBUG Stocks.Subject - NotifyingObservers.... 
2016-11-04 12:55:54,330 DEBUG Panels.DisplayPanelDecorator - Updating observer.... 
2016-11-04 12:55:54,330 DEBUG Panels.DisplayPanelDecorator - Successfully updated observer. 
2016-11-04 12:55:54,330 DEBUG Stocks.Subject - Successfully notified Observer. 
2016-11-04 12:55:54,330 DEBUG Stocks.StockPortfolio - Successfully updated StockPortfolio. 
2016-11-04 12:55:54,530 DEBUG Panels.DisplayPanelDecorator - Updating panel. 
2016-11-04 12:55:54,530 DEBUG Panels.DisplayPanelDecorator - Successfully updated panel. 
2016-11-04 12:55:55,429 DEBUG Networking.Communicator - Received message from simulator. 
2016-11-04 12:55:55,429 DEBUG Stocks.StockPortfolio - Updating StockPortfolio... 
2016-11-04 12:55:55,429 DEBUG Stocks.Subject - NotifyingObservers.... 
2016-11-04 12:55:55,429 DEBUG Panels.DisplayPanelDecorator - Updating observer.... 
2016-11-04 12:55:55,429 DEBUG Panels.DisplayPanelDecorator - Successfully updated observer. 
2016-11-04 12:55:55,429 DEBUG Stocks.Subject - Successfully notified Observer. 
2016-11-04 12:55:55,429 DEBUG Stocks.StockPortfolio - Successfully updated StockPortfolio. 
2016-11-04 12:55:56,456 DEBUG Networking.Communicator - Received message from simulator. 
2016-11-04 12:55:56,457 DEBUG Stocks.StockPortfolio - Updating StockPortfolio... 
2016-11-04 12:55:57,483 DEBUG Networking.Communicator - Received message from simulator. 
2016-11-04 12:55:57,484 DEBUG Stocks.StockPortfolio - Updating StockPortfolio... 
2016-11-04 12:55:57,524 DEBUG Panels.DisplayPanelDecorator - Updating panel. 
2016-11-04 12:55:57,527 DEBUG Panels.DisplayPanelDecorator - Successfully updated panel. 
